[debug] [2025-02-05T11:38:04.433Z] ----------------------------------------------------------------------
[debug] [2025-02-05T11:38:04.447Z] Command:       /usr/local/bin/node /usr/local/bin/firebase init
[debug] [2025-02-05T11:38:04.447Z] CLI Version:   13.30.0
[debug] [2025-02-05T11:38:04.448Z] Platform:      darwin
[debug] [2025-02-05T11:38:04.448Z] Node Version:  v22.11.0
[debug] [2025-02-05T11:38:04.448Z] Time:          Wed Feb 05 2025 17:08:04 GMT+0530 (India Standard Time)
[debug] [2025-02-05T11:38:04.448Z] ----------------------------------------------------------------------
[debug] 
[debug] [2025-02-05T11:38:04.707Z] > command requires scopes: ["email","openid","https://www.googleapis.com/auth/cloudplatformprojects.readonly","https://www.googleapis.com/auth/firebase","https://www.googleapis.com/auth/cloud-platform"]
[debug] [2025-02-05T11:38:04.708Z] > authorizing via signed-in user (devvrat.coding@gmail.com)
[info] 
     ######## #### ########  ######## ########     ###     ######  ########
     ##        ##  ##     ## ##       ##     ##  ##   ##  ##       ##
     ######    ##  ########  ######   ########  #########  ######  ######
     ##        ##  ##    ##  ##       ##     ## ##     ##       ## ##
     ##       #### ##     ## ######## ########  ##     ##  ######  ########

You're about to initialize a Firebase project in this directory:

  /Users/devvrathans/Desktop/Coding/Projects/Codershood/Codershood

Before we get started, keep in mind:

  * You are initializing within an existing Firebase project directory

[info] 
=== Project Setup
[info] 
[info] First, let's associate this project directory with a Firebase project.
[info] You can create multiple project aliases by running firebase use --add, 
[info] but for now we'll just set up a default project.
[info] 
[debug] [2025-02-05T12:40:38.729Z] Using project from CLI flag: codershood
[debug] [2025-02-05T12:40:38.735Z] Checked if tokens are valid: false, expires at: 1738758617638
[debug] [2025-02-05T12:40:38.735Z] Checked if tokens are valid: false, expires at: 1738758617638
[debug] [2025-02-05T12:40:38.737Z] > refreshing access token with scopes: []
[debug] [2025-02-05T12:40:38.749Z] >>> [apiv2][query] POST https://www.googleapis.com/oauth2/v3/token [none]
[debug] [2025-02-05T12:40:38.749Z] >>> [apiv2][body] POST https://www.googleapis.com/oauth2/v3/token [omitted]
[debug] [2025-02-05T12:40:39.216Z] <<< [apiv2][status] POST https://www.googleapis.com/oauth2/v3/token 200
[debug] [2025-02-05T12:40:39.216Z] <<< [apiv2][body] POST https://www.googleapis.com/oauth2/v3/token [omitted]
[debug] [2025-02-05T12:40:39.267Z] >>> [apiv2][query] GET https://firebase.googleapis.com/v1beta1/projects/codershood [none]
[debug] [2025-02-05T12:40:40.169Z] <<< [apiv2][status] GET https://firebase.googleapis.com/v1beta1/projects/codershood 403
[debug] [2025-02-05T12:40:40.169Z] <<< [apiv2][body] GET https://firebase.googleapis.com/v1beta1/projects/codershood {"error":{"code":403,"message":"The caller does not have permission","status":"PERMISSION_DENIED"}}
[debug] [2025-02-05T12:40:40.176Z] Request to https://firebase.googleapis.com/v1beta1/projects/codershood had HTTP Error: 403, The caller does not have permission
[debug] [2025-02-05T12:40:40.433Z] FirebaseError: Request to https://firebase.googleapis.com/v1beta1/projects/codershood had HTTP Error: 403, The caller does not have permission
    at responseToError (/usr/local/lib/node_modules/firebase-tools/lib/responseToError.js:52:12)
    at RetryOperation._fn (/usr/local/lib/node_modules/firebase-tools/lib/apiv2.js:312:77)
    at process.processTicksAndRejections (node:internal/process/task_queues:105:5)
[error] 
[error] Error: Failed to get Firebase project codershood. Please make sure the project exists and your account has permission to access it.
